<?xml version="1.0" encoding="UTF-8"?>
<Site BuildName="(empty)"
	BuildStamp="20250908-0658-Experimental"
	Name="(empty)"
	Generator="ctest-3.28.3"
	CompilerName=""
	CompilerVersion=""
	OSName="Linux"
	Hostname="sylwester-Lenovo-Legion-5-17IMH05H"
	OSRelease="6.8.0-79-generic"
	OSVersion="#79-Ubuntu SMP PREEMPT_DYNAMIC Tue Aug 12 14:42:46 UTC 2025"
	OSPlatform="x86_64"
	Is64Bits="1"
	VendorString="GenuineIntel"
	VendorID="Intel Corporation"
	FamilyID="6"
	ModelID="165"
	ProcessorCacheSize="12288"
	NumberOfLogicalCPU="12"
	NumberOfPhysicalCPU="6"
	TotalVirtualMemory="2047"
	TotalPhysicalMemory="32002"
	LogicalProcessorsPerPhysical="2"
	ProcessorClockFrequency="4199.86"
	>
	<Testing>
		<StartDateTime>Sep 08 09:00 CEST</StartDateTime>
		<StartTestTime>1757314817</StartTestTime>
		<TestList/>
		<EndDateTime>Sep 08 09:00 CEST</EndDateTime>
		<EndTestTime>1757314817</EndTestTime>
		<ElapsedMinutes>0</ElapsedMinutes>
	</Testing>
</Site>
